TN:
SF:./src/client/app/app.module.js
FN:1,(anonymous_1)
FN:11,(anonymous_2)
FNF:2
FNH:2
FNDA:1,(anonymous_1)
FNDA:24,(anonymous_2)
DA:1,1
DA:4,1
DA:8,1
DA:12,24
LF:4
LH:4
BRF:0
BRH:0
end_of_record
TN:
SF:./src/client/app/app.routes.js
FN:1,(anonymous_1)
FN:11,routeConfig
FNF:2
FNH:2
FNDA:1,(anonymous_1)
FNDA:24,routeConfig
DA:1,1
DA:4,1
DA:9,1
DA:11,1
DA:13,24
DA:15,24
LF:6
LH:6
BRF:0
BRH:0
end_of_record
TN:
SF:./src/client/app/home.controller.js
FN:4,(anonymous_1)
FN:14,HomeCtrl
FNF:2
FNH:2
FNDA:1,(anonymous_1)
FNDA:1,HomeCtrl
DA:4,1
DA:7,1
DA:14,1
DA:15,1
DA:16,1
LF:5
LH:5
BRF:0
BRH:0
end_of_record
TN:
SF:./src/client/app/nav-data.service.js
FN:1,(anonymous_1)
FN:12,navDataService
FN:21,getMenu
FNF:3
FNH:1
FNDA:1,(anonymous_1)
FNDA:0,navDataService
FNDA:0,getMenu
DA:1,1
DA:4,1
DA:12,1
DA:14,0
DA:21,1
DA:22,0
LF:6
LH:4
BRF:0
BRH:0
end_of_record
TN:
SF:./src/client/app/navbar.controller.js
FN:4,(anonymous_1)
FN:14,NavBarCtrl
FN:28,isSelected
FN:39,getStaticTabs
FN:40,(anonymous_5)
FN:47,getDropdownTabs
FN:48,(anonymous_7)
FN:55,getDropdownTabsCount
FNF:8
FNH:7
FNDA:1,(anonymous_1)
FNDA:4,NavBarCtrl
FNDA:0,isSelected
FNDA:1,getStaticTabs
FNDA:5,(anonymous_5)
FNDA:1,getDropdownTabs
FNDA:5,(anonymous_7)
FNDA:1,getDropdownTabsCount
DA:4,1
DA:7,1
DA:13,1
DA:14,1
DA:16,4
DA:19,4
DA:20,4
DA:21,4
DA:22,4
DA:23,4
DA:24,4
DA:25,4
DA:28,1
DA:30,0
DA:32,0
DA:33,0
DA:36,0
DA:39,1
DA:40,1
DA:41,5
DA:44,1
DA:47,1
DA:48,1
DA:49,5
DA:52,1
DA:55,1
DA:56,1
DA:57,1
LF:28
LH:24
BRDA:30,1,0,0
BRDA:30,1,1,0
BRDA:32,2,0,0
BRDA:32,2,1,0
BRF:4
BRH:0
end_of_record
TN:
SF:./src/client/app/navbar.filters.js
FN:3,(anonymous_1)
FNF:1
FNH:1
FNDA:1,(anonymous_1)
DA:3,1
LF:1
LH:1
BRF:0
BRH:0
end_of_record
TN:
SF:./src/client/app/todo.controller.js
FN:4,(anonymous_1)
FN:12,TodoCtrl
FN:53,massageTodos
FN:56,(anonymous_4)
FN:97,plural
FN:106,truncate
FN:113,dueDateOrderDesc
FN:117,dateOrder
FN:130,setForEdit
FN:140,clearForm
FN:151,getTodos
FN:153,(anonymous_12)
FN:159,submitTodo
FN:169,createTodo
FN:172,(anonymous_15)
FN:178,getLocalTodoById
FN:179,(anonymous_17)
FN:191,updateDoneStatus
FN:196,updateSelectedTodo
FN:207,updateTodo
FN:214,(anonymous_21)
FN:222,deleteTodo
FN:224,(anonymous_23)
FNF:23
FNH:17
FNDA:1,(anonymous_1)
FNDA:19,TodoCtrl
FNDA:19,massageTodos
FNDA:95,(anonymous_4)
FNDA:38,plural
FNDA:1,truncate
FNDA:2,dueDateOrderDesc
FNDA:2,dateOrder
FNDA:3,setForEdit
FNDA:1,clearForm
FNDA:19,getTodos
FNDA:19,(anonymous_12)
FNDA:0,submitTodo
FNDA:0,createTodo
FNDA:0,(anonymous_15)
FNDA:1,getLocalTodoById
FNDA:5,(anonymous_17)
FNDA:0,updateDoneStatus
FNDA:1,updateSelectedTodo
FNDA:2,updateTodo
FNDA:0,(anonymous_21)
FNDA:1,deleteTodo
FNDA:0,(anonymous_23)
DA:4,1
DA:7,1
DA:11,1
DA:12,1
DA:14,19
DA:19,19
DA:21,19
DA:23,19
DA:24,19
DA:25,19
DA:26,19
DA:27,19
DA:28,19
DA:29,19
DA:30,19
DA:31,19
DA:34,19
DA:35,19
DA:37,19
DA:38,19
DA:39,19
DA:40,19
DA:41,19
DA:42,19
DA:43,19
DA:46,19
DA:47,19
DA:48,19
DA:50,19
DA:53,1
DA:55,19
DA:56,19
DA:58,95
DA:60,19
DA:63,76
DA:64,76
DA:65,0
DA:68,76
DA:72,95
DA:73,95
DA:75,95
DA:77,38
DA:78,38
DA:79,38
DA:81,38
DA:82,19
DA:84,19
DA:85,0
DA:87,19
DA:88,19
DA:90,0
DA:91,0
DA:97,1
DA:98,38
DA:99,0
DA:102,38
DA:106,1
DA:107,1
DA:108,1
DA:110,0
DA:113,1
DA:114,2
DA:117,1
DA:119,2
DA:122,1
DA:123,1
DA:126,1
DA:130,1
DA:131,3
DA:132,3
DA:134,3
DA:135,3
DA:136,3
DA:137,3
DA:140,1
DA:142,1
DA:143,1
DA:144,1
DA:145,1
DA:147,1
DA:151,1
DA:152,19
DA:154,19
DA:155,19
DA:159,1
DA:160,0
DA:161,0
DA:163,0
DA:164,0
DA:169,1
DA:170,0
DA:171,0
DA:173,0
DA:174,0
DA:178,1
DA:179,1
DA:180,5
DA:183,1
DA:184,1
DA:187,0
DA:191,1
DA:192,0
DA:193,0
DA:196,1
DA:198,1
DA:199,1
DA:200,1
DA:201,1
DA:202,1
DA:207,1
DA:209,2
DA:210,0
DA:213,2
DA:215,0
DA:216,0
DA:217,0
DA:222,1
DA:223,1
DA:225,0
DA:226,0
LF:120
LH:97
BRDA:58,1,0,19
BRDA:58,1,1,76
BRDA:58,2,0,95
BRDA:58,2,1,95
BRDA:64,3,0,0
BRDA:64,3,1,76
BRDA:73,4,0,95
BRDA:73,4,1,38
BRDA:73,4,2,38
BRDA:75,5,0,38
BRDA:75,5,1,57
BRDA:75,6,0,95
BRDA:75,6,1,76
BRDA:81,7,0,19
BRDA:81,7,1,19
BRDA:84,8,0,0
BRDA:84,8,1,19
BRDA:87,9,0,19
BRDA:87,9,1,0
BRDA:90,10,0,0
BRDA:90,10,1,0
BRDA:98,11,0,0
BRDA:98,11,1,38
BRDA:107,12,0,1
BRDA:107,12,1,0
BRDA:107,13,0,1
BRDA:107,13,1,1
BRDA:119,14,0,1
BRDA:119,14,1,1
BRDA:119,15,0,2
BRDA:119,15,1,1
BRDA:160,16,0,0
BRDA:160,16,1,0
BRDA:163,17,0,0
BRDA:163,17,1,0
BRDA:183,18,0,1
BRDA:183,18,1,0
BRDA:199,19,0,1
BRDA:199,19,1,0
BRDA:209,20,0,0
BRDA:209,20,1,2
BRF:41
BRH:27
end_of_record
TN:
SF:./src/client/app/todo.service.js
FN:1,(anonymous_1)
FN:11,todoService
FN:28,requiredParamCheck
FN:40,getTodos
FN:45,(anonymous_5)
FN:50,(anonymous_6)
FN:58,createTodo
FN:64,(anonymous_8)
FN:68,(anonymous_9)
FN:76,updateTodo
FN:83,(anonymous_11)
FN:87,(anonymous_12)
FN:95,deleteTodo
FN:101,(anonymous_14)
FN:105,(anonymous_15)
FNF:15
FNH:1
FNDA:1,(anonymous_1)
FNDA:0,todoService
FNDA:0,requiredParamCheck
FNDA:0,getTodos
FNDA:0,(anonymous_5)
FNDA:0,(anonymous_6)
FNDA:0,createTodo
FNDA:0,(anonymous_8)
FNDA:0,(anonymous_9)
FNDA:0,updateTodo
FNDA:0,(anonymous_11)
FNDA:0,(anonymous_12)
FNDA:0,deleteTodo
FNDA:0,(anonymous_14)
FNDA:0,(anonymous_15)
DA:1,1
DA:4,1
DA:10,1
DA:11,1
DA:14,0
DA:17,0
DA:26,0
DA:28,1
DA:29,0
DA:30,0
DA:40,1
DA:41,0
DA:43,0
DA:44,0
DA:46,0
DA:51,0
DA:52,0
DA:55,0
DA:58,1
DA:59,0
DA:60,0
DA:62,0
DA:63,0
DA:65,0
DA:69,0
DA:70,0
DA:73,0
DA:76,1
DA:77,0
DA:78,0
DA:79,0
DA:81,0
DA:82,0
DA:84,0
DA:88,0
DA:89,0
DA:92,0
DA:95,1
DA:96,0
DA:97,0
DA:99,0
DA:100,0
DA:102,0
DA:106,0
DA:107,0
DA:110,0
LF:46
LH:9
BRDA:29,1,0,0
BRDA:29,1,1,0
BRF:2
BRH:0
end_of_record
