{"/Users/justin/Documents/Dev/Ang/Todo/todo/src/server/common/dateUtils.js":{"path":"/Users/justin/Documents/Dev/Ang/Todo/todo/src/server/common/dateUtils.js","s":{"1":1,"2":1,"3":24,"4":24,"5":24},"b":{},"f":{"1":24},"fnMap":{"1":{"name":"addDays","line":12,"loc":{"start":{"line":12,"column":0},"end":{"line":12,"column":28}}}},"statementMap":{"1":{"start":{"line":6,"column":0},"end":{"line":8,"column":4}},"2":{"start":{"line":12,"column":0},"end":{"line":17,"column":1}},"3":{"start":{"line":14,"column":2},"end":{"line":14,"column":31}},"4":{"start":{"line":15,"column":2},"end":{"line":15,"column":44}},"5":{"start":{"line":16,"column":2},"end":{"line":16,"column":17}}},"branchMap":{}},"/Users/justin/Documents/Dev/Ang/Todo/todo/src/server/routes/api/todos.js":{"path":"/Users/justin/Documents/Dev/Ang/Todo/todo/src/server/routes/api/todos.js","s":{"1":1,"2":1,"3":1,"4":1,"5":1,"6":1,"7":8,"8":8,"9":1,"10":2,"11":2,"12":0,"13":2,"14":1,"15":1,"16":1,"17":1,"18":2,"19":2,"20":2,"21":1,"22":3,"23":3,"24":3,"25":3,"26":0,"27":3,"28":0,"29":3,"30":2,"31":1,"32":1,"33":12,"34":11,"35":1,"36":12,"37":1,"38":1,"39":1,"40":1,"41":1},"b":{"1":[0,2],"2":[1,1],"3":[0,3],"4":[0,3],"5":[2,1],"6":[3,2],"7":[1,0,0],"8":[1,0]},"f":{"1":8,"2":2,"3":2,"4":3,"5":12,"6":11,"7":12,"8":1},"fnMap":{"1":{"name":"(anonymous_1)","line":13,"loc":{"start":{"line":13,"column":35},"end":{"line":13,"column":60}}},"2":{"name":"(anonymous_2)","line":26,"loc":{"start":{"line":26,"column":36},"end":{"line":26,"column":61}}},"3":{"name":"(anonymous_3)","line":53,"loc":{"start":{"line":53,"column":46},"end":{"line":53,"column":71}}},"4":{"name":"(anonymous_4)","line":66,"loc":{"start":{"line":66,"column":43},"end":{"line":66,"column":68}}},"5":{"name":"onSuccess","line":99,"loc":{"start":{"line":99,"column":0},"end":{"line":99,"column":29}}},"6":{"name":"(anonymous_6)","line":105,"loc":{"start":{"line":105,"column":9},"end":{"line":105,"column":23}}},"7":{"name":"onError","line":111,"loc":{"start":{"line":111,"column":0},"end":{"line":111,"column":27}}},"8":{"name":"(anonymous_8)","line":117,"loc":{"start":{"line":117,"column":9},"end":{"line":117,"column":22}}}},"statementMap":{"1":{"start":{"line":3,"column":0},"end":{"line":3,"column":33}},"2":{"start":{"line":4,"column":0},"end":{"line":4,"column":30}},"3":{"start":{"line":5,"column":0},"end":{"line":5,"column":27}},"4":{"start":{"line":6,"column":0},"end":{"line":6,"column":35}},"5":{"start":{"line":9,"column":0},"end":{"line":9,"column":43}},"6":{"start":{"line":13,"column":0},"end":{"line":22,"column":3}},"7":{"start":{"line":17,"column":2},"end":{"line":17,"column":33}},"8":{"start":{"line":19,"column":2},"end":{"line":20,"column":48}},"9":{"start":{"line":26,"column":0},"end":{"line":49,"column":3}},"10":{"start":{"line":31,"column":2},"end":{"line":31,"column":33}},"11":{"start":{"line":33,"column":2},"end":{"line":36,"column":3}},"12":{"start":{"line":34,"column":4},"end":{"line":35,"column":52}},"13":{"start":{"line":38,"column":2},"end":{"line":43,"column":3}},"14":{"start":{"line":39,"column":4},"end":{"line":39,"column":37}},"15":{"start":{"line":40,"column":4},"end":{"line":42,"column":81}},"16":{"start":{"line":46,"column":2},"end":{"line":47,"column":48}},"17":{"start":{"line":53,"column":0},"end":{"line":62,"column":3}},"18":{"start":{"line":56,"column":2},"end":{"line":56,"column":33}},"19":{"start":{"line":57,"column":2},"end":{"line":57,"column":33}},"20":{"start":{"line":59,"column":2},"end":{"line":60,"column":48}},"21":{"start":{"line":66,"column":0},"end":{"line":96,"column":3}},"22":{"start":{"line":69,"column":2},"end":{"line":69,"column":41}},"23":{"start":{"line":70,"column":2},"end":{"line":70,"column":33}},"24":{"start":{"line":71,"column":2},"end":{"line":71,"column":22}},"25":{"start":{"line":73,"column":2},"end":{"line":76,"column":3}},"26":{"start":{"line":74,"column":4},"end":{"line":75,"column":58}},"27":{"start":{"line":78,"column":2},"end":{"line":85,"column":3}},"28":{"start":{"line":81,"column":4},"end":{"line":84,"column":84}},"29":{"start":{"line":88,"column":2},"end":{"line":91,"column":3}},"30":{"start":{"line":89,"column":4},"end":{"line":90,"column":101}},"31":{"start":{"line":93,"column":2},"end":{"line":94,"column":48}},"32":{"start":{"line":99,"column":0},"end":{"line":110,"column":1}},"33":{"start":{"line":105,"column":2},"end":{"line":109,"column":4}},"34":{"start":{"line":108,"column":4},"end":{"line":108,"column":39}},"35":{"start":{"line":111,"column":0},"end":{"line":129,"column":1}},"36":{"start":{"line":117,"column":2},"end":{"line":128,"column":4}},"37":{"start":{"line":118,"column":4},"end":{"line":118,"column":35}},"38":{"start":{"line":122,"column":4},"end":{"line":122,"column":41}},"39":{"start":{"line":123,"column":4},"end":{"line":123,"column":33}},"40":{"start":{"line":126,"column":4},"end":{"line":127,"column":28}},"41":{"start":{"line":131,"column":0},"end":{"line":131,"column":24}}},"branchMap":{"1":{"line":33,"type":"if","locations":[{"start":{"line":33,"column":2},"end":{"line":33,"column":2}},{"start":{"line":33,"column":2},"end":{"line":33,"column":2}}]},"2":{"line":38,"type":"if","locations":[{"start":{"line":38,"column":2},"end":{"line":38,"column":2}},{"start":{"line":38,"column":2},"end":{"line":38,"column":2}}]},"3":{"line":73,"type":"if","locations":[{"start":{"line":73,"column":2},"end":{"line":73,"column":2}},{"start":{"line":73,"column":2},"end":{"line":73,"column":2}}]},"4":{"line":78,"type":"if","locations":[{"start":{"line":78,"column":2},"end":{"line":78,"column":2}},{"start":{"line":78,"column":2},"end":{"line":78,"column":2}}]},"5":{"line":88,"type":"if","locations":[{"start":{"line":88,"column":2},"end":{"line":88,"column":2}},{"start":{"line":88,"column":2},"end":{"line":88,"column":2}}]},"6":{"line":88,"type":"binary-expr","locations":[{"start":{"line":88,"column":5},"end":{"line":88,"column":14}},{"start":{"line":88,"column":18},"end":{"line":88,"column":53}}]},"7":{"line":122,"type":"binary-expr","locations":[{"start":{"line":122,"column":11},"end":{"line":122,"column":25}},{"start":{"line":122,"column":29},"end":{"line":122,"column":33}},{"start":{"line":122,"column":37},"end":{"line":122,"column":40}}]},"8":{"line":123,"type":"binary-expr","locations":[{"start":{"line":123,"column":14},"end":{"line":123,"column":25}},{"start":{"line":123,"column":29},"end":{"line":123,"column":32}}]}}},"/Users/justin/Documents/Dev/Ang/Todo/todo/src/server/data/todo.js":{"path":"/Users/justin/Documents/Dev/Ang/Todo/todo/src/server/data/todo.js","s":{"1":1,"2":1,"3":1,"4":1,"5":1,"6":0,"7":1,"8":1,"9":1,"10":14,"11":1,"12":4,"13":1,"14":62,"15":62,"16":62,"17":62,"18":1,"19":3,"20":3,"21":1,"22":1,"23":1,"24":1,"25":1,"26":1,"27":2,"28":2,"29":0,"30":0,"31":0,"32":0,"33":2,"34":2,"35":0,"36":0,"37":0,"38":0,"39":2,"40":2,"41":1},"b":{"1":[0,1],"2":[1,2],"3":[0,2],"4":[2,2],"5":[0,2]},"f":{"1":1,"2":14,"3":4,"4":62,"5":3,"6":3,"7":2,"8":2},"fnMap":{"1":{"name":"(anonymous_1)","line":2,"loc":{"start":{"line":2,"column":19},"end":{"line":2,"column":29}}},"2":{"name":"get","line":59,"loc":{"start":{"line":59,"column":2},"end":{"line":59,"column":25}}},"3":{"name":"getByUserId","line":64,"loc":{"start":{"line":64,"column":2},"end":{"line":64,"column":30}}},"4":{"name":"add","line":69,"loc":{"start":{"line":69,"column":2},"end":{"line":69,"column":28}}},"5":{"name":"deleteById","line":77,"loc":{"start":{"line":77,"column":2},"end":{"line":77,"column":37}}},"6":{"name":"(anonymous_6)","line":80,"loc":{"start":{"line":80,"column":12},"end":{"line":80,"column":26}}},"7":{"name":"update","line":95,"loc":{"start":{"line":95,"column":2},"end":{"line":95,"column":23}}},"8":{"name":"(anonymous_8)","line":109,"loc":{"start":{"line":109,"column":12},"end":{"line":109,"column":28}}}},"statementMap":{"1":{"start":{"line":2,"column":0},"end":{"line":137,"column":5}},"2":{"start":{"line":5,"column":2},"end":{"line":5,"column":37}},"3":{"start":{"line":6,"column":2},"end":{"line":6,"column":60}},"4":{"start":{"line":11,"column":2},"end":{"line":11,"column":16}},"5":{"start":{"line":13,"column":2},"end":{"line":52,"column":3}},"6":{"start":{"line":16,"column":4},"end":{"line":16,"column":39}},"7":{"start":{"line":21,"column":4},"end":{"line":49,"column":7}},"8":{"start":{"line":51,"column":4},"end":{"line":51,"column":51}},"9":{"start":{"line":59,"column":2},"end":{"line":62,"column":3}},"10":{"start":{"line":61,"column":4},"end":{"line":61,"column":44}},"11":{"start":{"line":64,"column":2},"end":{"line":67,"column":3}},"12":{"start":{"line":66,"column":4},"end":{"line":66,"column":33}},"13":{"start":{"line":69,"column":2},"end":{"line":75,"column":3}},"14":{"start":{"line":71,"column":4},"end":{"line":71,"column":20}},"15":{"start":{"line":72,"column":4},"end":{"line":72,"column":25}},"16":{"start":{"line":73,"column":4},"end":{"line":73,"column":38}},"17":{"start":{"line":74,"column":4},"end":{"line":74,"column":26}},"18":{"start":{"line":77,"column":2},"end":{"line":93,"column":3}},"19":{"start":{"line":79,"column":4},"end":{"line":92,"column":9}},"20":{"start":{"line":83,"column":8},"end":{"line":91,"column":9}},"21":{"start":{"line":85,"column":10},"end":{"line":85,"column":47}},"22":{"start":{"line":87,"column":10},"end":{"line":87,"column":34}},"23":{"start":{"line":88,"column":10},"end":{"line":88,"column":85}},"24":{"start":{"line":89,"column":10},"end":{"line":89,"column":33}},"25":{"start":{"line":90,"column":10},"end":{"line":90,"column":22}},"26":{"start":{"line":95,"column":2},"end":{"line":126,"column":3}},"27":{"start":{"line":97,"column":4},"end":{"line":97,"column":14}},"28":{"start":{"line":100,"column":4},"end":{"line":106,"column":5}},"29":{"start":{"line":102,"column":6},"end":{"line":102,"column":26}},"30":{"start":{"line":103,"column":6},"end":{"line":103,"column":85}},"31":{"start":{"line":104,"column":6},"end":{"line":104,"column":29}},"32":{"start":{"line":105,"column":6},"end":{"line":105,"column":18}},"33":{"start":{"line":108,"column":4},"end":{"line":125,"column":9}},"34":{"start":{"line":111,"column":8},"end":{"line":116,"column":11}},"35":{"start":{"line":112,"column":12},"end":{"line":112,"column":32}},"36":{"start":{"line":113,"column":12},"end":{"line":113,"column":95}},"37":{"start":{"line":114,"column":12},"end":{"line":114,"column":35}},"38":{"start":{"line":115,"column":12},"end":{"line":115,"column":24}},"39":{"start":{"line":118,"column":10},"end":{"line":118,"column":56}},"40":{"start":{"line":124,"column":10},"end":{"line":124,"column":31}},"41":{"start":{"line":128,"column":2},"end":{"line":136,"column":4}}},"branchMap":{"1":{"line":13,"type":"if","locations":[{"start":{"line":13,"column":2},"end":{"line":13,"column":2}},{"start":{"line":13,"column":2},"end":{"line":13,"column":2}}]},"2":{"line":83,"type":"if","locations":[{"start":{"line":83,"column":8},"end":{"line":83,"column":8}},{"start":{"line":83,"column":8},"end":{"line":83,"column":8}}]},"3":{"line":100,"type":"if","locations":[{"start":{"line":100,"column":4},"end":{"line":100,"column":4}},{"start":{"line":100,"column":4},"end":{"line":100,"column":4}}]},"4":{"line":100,"type":"binary-expr","locations":[{"start":{"line":100,"column":7},"end":{"line":100,"column":16}},{"start":{"line":100,"column":20},"end":{"line":100,"column":32}}]},"5":{"line":111,"type":"if","locations":[{"start":{"line":111,"column":8},"end":{"line":111,"column":8}},{"start":{"line":111,"column":8},"end":{"line":111,"column":8}}]}}},"/Users/justin/Documents/Dev/Ang/Todo/todo/src/server/common/mongooseUtils.js":{"path":"/Users/justin/Documents/Dev/Ang/Todo/todo/src/server/common/mongooseUtils.js","s":{"1":1,"2":1,"3":2,"4":87,"5":16},"b":{"1":[16,71],"2":[87,85,83]},"f":{"1":2},"fnMap":{"1":{"name":"copyFieldsToModel","line":10,"loc":{"start":{"line":10,"column":0},"end":{"line":10,"column":42}}}},"statementMap":{"1":{"start":{"line":4,"column":0},"end":{"line":6,"column":4}},"2":{"start":{"line":10,"column":0},"end":{"line":16,"column":1}},"3":{"start":{"line":11,"column":2},"end":{"line":15,"column":3}},"4":{"start":{"line":12,"column":4},"end":{"line":14,"column":5}},"5":{"start":{"line":13,"column":6},"end":{"line":13,"column":34}}},"branchMap":{"1":{"line":12,"type":"if","locations":[{"start":{"line":12,"column":4},"end":{"line":12,"column":4}},{"start":{"line":12,"column":4},"end":{"line":12,"column":4}}]},"2":{"line":12,"type":"binary-expr","locations":[{"start":{"line":12,"column":7},"end":{"line":12,"column":21}},{"start":{"line":12,"column":25},"end":{"line":12,"column":39}},{"start":{"line":12,"column":43},"end":{"line":12,"column":70}}]}}},"/Users/justin/Documents/Dev/Ang/Todo/todo/src/server/common/testUtils.js":{"path":"/Users/justin/Documents/Dev/Ang/Todo/todo/src/server/common/testUtils.js","s":{"1":1,"2":1,"3":2,"4":1,"5":1,"6":1,"7":1,"8":2,"9":2,"10":2,"11":0},"b":{"1":[1,1],"2":[2,0]},"f":{"1":2,"2":1,"3":2,"4":2},"fnMap":{"1":{"name":"connect","line":11,"loc":{"start":{"line":11,"column":0},"end":{"line":11,"column":37}}},"2":{"name":"(anonymous_2)","line":13,"loc":{"start":{"line":13,"column":26},"end":{"line":13,"column":39}}},"3":{"name":"closeConnection","line":21,"loc":{"start":{"line":21,"column":0},"end":{"line":21,"column":40}}},"4":{"name":"(anonymous_4)","line":23,"loc":{"start":{"line":23,"column":30},"end":{"line":23,"column":43}}}},"statementMap":{"1":{"start":{"line":5,"column":0},"end":{"line":8,"column":4}},"2":{"start":{"line":11,"column":0},"end":{"line":20,"column":1}},"3":{"start":{"line":12,"column":2},"end":{"line":19,"column":3}},"4":{"start":{"line":13,"column":4},"end":{"line":15,"column":7}},"5":{"start":{"line":14,"column":6},"end":{"line":14,"column":16}},"6":{"start":{"line":18,"column":4},"end":{"line":18,"column":11}},"7":{"start":{"line":21,"column":0},"end":{"line":30,"column":1}},"8":{"start":{"line":22,"column":2},"end":{"line":29,"column":3}},"9":{"start":{"line":23,"column":4},"end":{"line":25,"column":7}},"10":{"start":{"line":24,"column":6},"end":{"line":24,"column":16}},"11":{"start":{"line":28,"column":4},"end":{"line":28,"column":11}}},"branchMap":{"1":{"line":12,"type":"if","locations":[{"start":{"line":12,"column":2},"end":{"line":12,"column":2}},{"start":{"line":12,"column":2},"end":{"line":12,"column":2}}]},"2":{"line":22,"type":"if","locations":[{"start":{"line":22,"column":2},"end":{"line":22,"column":2}},{"start":{"line":22,"column":2},"end":{"line":22,"column":2}}]}}},"/Users/justin/Documents/Dev/Ang/Todo/todo/src/server/app.js":{"path":"/Users/justin/Documents/Dev/Ang/Todo/todo/src/server/app.js","s":{"1":1,"2":1,"3":1,"4":1,"5":1,"6":1,"7":1,"8":1,"9":1,"10":1,"11":1,"12":1,"13":1,"14":1,"15":1,"16":1,"17":1,"18":1,"19":1,"20":1,"21":1,"22":1,"23":1,"24":1,"25":1,"26":1,"27":1,"28":1,"29":1,"30":1},"b":{"1":[1,1],"2":[1,0],"3":[1,0]},"f":{"1":1},"fnMap":{"1":{"name":"(anonymous_1)","line":24,"loc":{"start":{"line":24,"column":16},"end":{"line":24,"column":26}}}},"statementMap":{"1":{"start":{"line":1,"column":0},"end":{"line":1,"column":33}},"2":{"start":{"line":2,"column":0},"end":{"line":2,"column":27}},"3":{"start":{"line":3,"column":0},"end":{"line":3,"column":39}},"4":{"start":{"line":4,"column":0},"end":{"line":4,"column":31}},"5":{"start":{"line":5,"column":0},"end":{"line":5,"column":44}},"6":{"start":{"line":6,"column":0},"end":{"line":6,"column":40}},"7":{"start":{"line":7,"column":0},"end":{"line":7,"column":35}},"8":{"start":{"line":9,"column":0},"end":{"line":9,"column":36}},"9":{"start":{"line":10,"column":0},"end":{"line":10,"column":40}},"10":{"start":{"line":13,"column":0},"end":{"line":13,"column":21}},"11":{"start":{"line":15,"column":0},"end":{"line":18,"column":1}},"12":{"start":{"line":17,"column":2},"end":{"line":17,"column":23}},"13":{"start":{"line":20,"column":0},"end":{"line":20,"column":50}},"14":{"start":{"line":21,"column":0},"end":{"line":21,"column":29}},"15":{"start":{"line":23,"column":0},"end":{"line":23,"column":66}},"16":{"start":{"line":24,"column":0},"end":{"line":27,"column":3}},"17":{"start":{"line":26,"column":2},"end":{"line":26,"column":38}},"18":{"start":{"line":30,"column":0},"end":{"line":30,"column":20}},"19":{"start":{"line":34,"column":0},"end":{"line":34,"column":23}},"20":{"start":{"line":35,"column":0},"end":{"line":35,"column":27}},"21":{"start":{"line":36,"column":0},"end":{"line":36,"column":52}},"22":{"start":{"line":37,"column":0},"end":{"line":37,"column":24}},"23":{"start":{"line":41,"column":0},"end":{"line":41,"column":35}},"24":{"start":{"line":43,"column":0},"end":{"line":43,"column":45}},"25":{"start":{"line":44,"column":0},"end":{"line":44,"column":35}},"26":{"start":{"line":46,"column":0},"end":{"line":46,"column":38}},"27":{"start":{"line":47,"column":0},"end":{"line":47,"column":29}},"28":{"start":{"line":48,"column":0},"end":{"line":48,"column":32}},"29":{"start":{"line":49,"column":0},"end":{"line":49,"column":29}},"30":{"start":{"line":70,"column":0},"end":{"line":70,"column":21}}},"branchMap":{"1":{"line":9,"type":"binary-expr","locations":[{"start":{"line":9,"column":11},"end":{"line":9,"column":27}},{"start":{"line":9,"column":31},"end":{"line":9,"column":35}}]},"2":{"line":10,"type":"binary-expr","locations":[{"start":{"line":10,"column":10},"end":{"line":10,"column":30}},{"start":{"line":10,"column":34},"end":{"line":10,"column":39}}]},"3":{"line":15,"type":"if","locations":[{"start":{"line":15,"column":0},"end":{"line":15,"column":0}},{"start":{"line":15,"column":0},"end":{"line":15,"column":0}}]}}},"/Users/justin/Documents/Dev/Ang/Todo/todo/src/server/routes/routes.js":{"path":"/Users/justin/Documents/Dev/Ang/Todo/todo/src/server/routes/routes.js","s":{"1":1,"2":1,"3":1},"b":{},"f":{"1":1},"fnMap":{"1":{"name":"(anonymous_1)","line":3,"loc":{"start":{"line":3,"column":17},"end":{"line":3,"column":31}}}},"statementMap":{"1":{"start":{"line":3,"column":0},"end":{"line":29,"column":2}},"2":{"start":{"line":7,"column":2},"end":{"line":7,"column":45}},"3":{"start":{"line":9,"column":2},"end":{"line":9,"column":41}}},"branchMap":{}},"/Users/justin/Documents/Dev/Ang/Todo/todo/src/server/routes/ui/index.js":{"path":"/Users/justin/Documents/Dev/Ang/Todo/todo/src/server/routes/ui/index.js","s":{"1":1,"2":1,"3":1,"4":1,"5":0,"6":0,"7":1},"b":{},"f":{"1":0},"fnMap":{"1":{"name":"(anonymous_1)","line":8,"loc":{"start":{"line":8,"column":16},"end":{"line":8,"column":41}}}},"statementMap":{"1":{"start":{"line":3,"column":0},"end":{"line":3,"column":33}},"2":{"start":{"line":4,"column":0},"end":{"line":4,"column":30}},"3":{"start":{"line":5,"column":0},"end":{"line":5,"column":27}},"4":{"start":{"line":8,"column":0},"end":{"line":14,"column":3}},"5":{"start":{"line":11,"column":2},"end":{"line":11,"column":73}},"6":{"start":{"line":12,"column":2},"end":{"line":12,"column":28}},"7":{"start":{"line":16,"column":0},"end":{"line":16,"column":24}}},"branchMap":{}}}