TN:
SF:/Users/justin/Documents/Dev/Ang/Todo/todo/src/server/common/dateUtils.js
FN:12,addDays
FNF:1
FNH:1
FNDA:24,addDays
DA:6,1
DA:12,1
DA:14,24
DA:15,24
DA:16,24
LF:5
LH:5
BRF:0
BRH:0
end_of_record
TN:
SF:/Users/justin/Documents/Dev/Ang/Todo/todo/src/server/routes/api/todos.js
FN:13,(anonymous_1)
FN:26,(anonymous_2)
FN:53,(anonymous_3)
FN:66,(anonymous_4)
FN:99,onSuccess
FN:105,(anonymous_6)
FN:111,onError
FN:117,(anonymous_8)
FNF:8
FNH:8
FNDA:8,(anonymous_1)
FNDA:2,(anonymous_2)
FNDA:2,(anonymous_3)
FNDA:3,(anonymous_4)
FNDA:12,onSuccess
FNDA:11,(anonymous_6)
FNDA:12,onError
FNDA:1,(anonymous_8)
DA:3,1
DA:4,1
DA:5,1
DA:6,1
DA:9,1
DA:13,1
DA:17,8
DA:19,8
DA:26,1
DA:31,2
DA:33,2
DA:34,0
DA:38,2
DA:39,1
DA:40,1
DA:46,1
DA:53,1
DA:56,2
DA:57,2
DA:59,2
DA:66,1
DA:69,3
DA:70,3
DA:71,3
DA:73,3
DA:74,0
DA:78,3
DA:81,0
DA:88,3
DA:89,2
DA:93,1
DA:99,1
DA:105,12
DA:108,11
DA:111,1
DA:117,12
DA:118,1
DA:122,1
DA:123,1
DA:126,1
DA:131,1
LF:41
LH:38
BRDA:33,1,0,0
BRDA:33,1,1,2
BRDA:38,2,0,1
BRDA:38,2,1,1
BRDA:73,3,0,0
BRDA:73,3,1,3
BRDA:78,4,0,0
BRDA:78,4,1,3
BRDA:88,5,0,2
BRDA:88,5,1,1
BRDA:88,6,0,3
BRDA:88,6,1,2
BRDA:122,7,0,1
BRDA:122,7,1,0
BRDA:122,7,2,0
BRDA:123,8,0,1
BRDA:123,8,1,0
BRF:17
BRH:11
end_of_record
TN:
SF:/Users/justin/Documents/Dev/Ang/Todo/todo/src/server/data/todo.js
FN:2,(anonymous_1)
FN:59,get
FN:64,getByUserId
FN:69,add
FN:77,deleteById
FN:80,(anonymous_6)
FN:95,update
FN:109,(anonymous_8)
FNF:8
FNH:8
FNDA:1,(anonymous_1)
FNDA:14,get
FNDA:4,getByUserId
FNDA:62,add
FNDA:3,deleteById
FNDA:3,(anonymous_6)
FNDA:2,update
FNDA:2,(anonymous_8)
DA:2,1
DA:5,1
DA:6,1
DA:11,1
DA:13,1
DA:16,0
DA:21,1
DA:51,1
DA:59,1
DA:61,14
DA:64,1
DA:66,4
DA:69,1
DA:71,62
DA:72,62
DA:73,62
DA:74,62
DA:77,1
DA:79,3
DA:83,3
DA:85,1
DA:87,1
DA:88,1
DA:89,1
DA:90,1
DA:95,1
DA:97,2
DA:100,2
DA:102,0
DA:103,0
DA:104,0
DA:105,0
DA:108,2
DA:111,2
DA:112,0
DA:113,0
DA:114,0
DA:115,0
DA:118,2
DA:124,2
DA:128,1
LF:41
LH:32
BRDA:13,1,0,0
BRDA:13,1,1,1
BRDA:83,2,0,1
BRDA:83,2,1,2
BRDA:100,3,0,0
BRDA:100,3,1,2
BRDA:100,4,0,2
BRDA:100,4,1,2
BRDA:111,5,0,0
BRDA:111,5,1,2
BRF:10
BRH:7
end_of_record
TN:
SF:/Users/justin/Documents/Dev/Ang/Todo/todo/src/server/common/mongooseUtils.js
FN:10,copyFieldsToModel
FNF:1
FNH:1
FNDA:2,copyFieldsToModel
DA:4,1
DA:10,1
DA:11,2
DA:12,87
DA:13,16
LF:5
LH:5
BRDA:12,1,0,16
BRDA:12,1,1,71
BRDA:12,2,0,87
BRDA:12,2,1,85
BRDA:12,2,2,83
BRF:5
BRH:5
end_of_record
TN:
SF:/Users/justin/Documents/Dev/Ang/Todo/todo/src/server/common/testUtils.js
FN:11,connect
FN:13,(anonymous_2)
FN:21,closeConnection
FN:23,(anonymous_4)
FNF:4
FNH:4
FNDA:2,connect
FNDA:1,(anonymous_2)
FNDA:2,closeConnection
FNDA:2,(anonymous_4)
DA:5,1
DA:11,1
DA:12,2
DA:13,1
DA:14,1
DA:18,1
DA:21,1
DA:22,2
DA:23,2
DA:24,2
DA:28,0
LF:11
LH:10
BRDA:12,1,0,1
BRDA:12,1,1,1
BRDA:22,2,0,2
BRDA:22,2,1,0
BRF:4
BRH:3
end_of_record
TN:
SF:/Users/justin/Documents/Dev/Ang/Todo/todo/src/server/app.js
FN:24,(anonymous_1)
FNF:1
FNH:1
FNDA:1,(anonymous_1)
DA:1,1
DA:2,1
DA:3,1
DA:4,1
DA:5,1
DA:6,1
DA:7,1
DA:9,1
DA:10,1
DA:13,1
DA:15,1
DA:17,1
DA:20,1
DA:21,1
DA:23,1
DA:24,1
DA:26,1
DA:30,1
DA:34,1
DA:35,1
DA:36,1
DA:37,1
DA:41,1
DA:43,1
DA:44,1
DA:46,1
DA:47,1
DA:48,1
DA:49,1
DA:70,1
LF:30
LH:30
BRDA:9,1,0,1
BRDA:9,1,1,1
BRDA:10,2,0,1
BRDA:10,2,1,0
BRDA:15,3,0,1
BRDA:15,3,1,0
BRF:6
BRH:4
end_of_record
TN:
SF:/Users/justin/Documents/Dev/Ang/Todo/todo/src/server/routes/routes.js
FN:3,(anonymous_1)
FNF:1
FNH:1
FNDA:1,(anonymous_1)
DA:3,1
DA:7,1
DA:9,1
LF:3
LH:3
BRF:0
BRH:0
end_of_record
TN:
SF:/Users/justin/Documents/Dev/Ang/Todo/todo/src/server/routes/ui/index.js
FN:8,(anonymous_1)
FNF:1
FNH:0
FNDA:0,(anonymous_1)
DA:3,1
DA:4,1
DA:5,1
DA:8,1
DA:11,0
DA:12,0
DA:16,1
LF:7
LH:5
BRF:0
BRH:0
end_of_record
